<?xml version="1.0" encoding="UTF-8"?>
<!-- Generated by org.testng.reporters.JUnitReportReporter -->
<testsuite hostname="Akshay" failures="0" tests="1" name="com.testng.FirstProgramToOpenBrowser" time="5.709" errors="0" timestamp="2024-11-07T19:40:45 CST" skipped="0">
  <testcase classname="com.testng.FirstProgramToOpenBrowser" name="f1" time="5.709"/>
</testsuite> <!-- com.testng.FirstProgramToOpenBrowser -->
