<?xml version="1.0" encoding="UTF-8"?>
<!-- Generated by org.testng.reporters.JUnitReportReporter -->
<testsuite hostname="Akshay" failures="0" tests="1" name="FirstProgramToOpenBrowser" time="7.027" errors="0" timestamp="2024-11-07T19:31:18 CST" skipped="0">
  <testcase classname="FirstProgramToOpenBrowser" name="f1" time="7.027"/>
</testsuite> <!-- FirstProgramToOpenBrowser -->
