<?xml version="1.0" encoding="UTF-8"?>
<!-- Generated by org.testng.reporters.JUnitReportReporter -->
<testsuite hostname="Akshay" failures="0" tests="1" name="com.testng.SecondProgramToSelect" time="3.499" errors="0" timestamp="2024-11-08T14:04:07 CST" skipped="0">
  <testcase classname="com.testng.SecondProgramToSelect" name="f1" time="3.499"/>
</testsuite> <!-- com.testng.SecondProgramToSelect -->
