<?xml version="1.0" encoding="UTF-8"?>
<!-- Generated by org.testng.reporters.JUnitReportReporter -->
<testsuite hostname="Akshay" failures="0" tests="1" name="com.testng.ForTest" time="6.119" errors="0" timestamp="2024-11-08T14:04:07 CST" skipped="0">
  <testcase classname="com.testng.ForTest" name="f1" time="6.119"/>
</testsuite> <!-- com.testng.ForTest -->
