<?xml version="1.0" encoding="UTF-8"?>
<!-- Generated by org.testng.reporters.JUnitReportReporter -->
<testsuite hostname="Akshay" failures="0" tests="1" name="com.testng.ForTest" time="5.580" errors="0" timestamp="2024-11-08T14:48:29 CST" skipped="0">
  <testcase classname="com.testng.ForTest" name="f1" time="5.580"/>
</testsuite> <!-- com.testng.ForTest -->
