<?xml version="1.0" encoding="UTF-8"?>
<!-- Generated by org.testng.reporters.JUnitReportReporter -->
<testsuite hostname="Akshay" failures="0" tests="1" name="com.testng.FirstProgramToOpenBrowser" time="11.202" errors="0" timestamp="2024-11-08T14:48:29 CST" skipped="0">
  <testcase classname="com.testng.FirstProgramToOpenBrowser" name="f1" time="11.202"/>
</testsuite> <!-- com.testng.FirstProgramToOpenBrowser -->
