<?xml version="1.0" encoding="UTF-8"?>
<!-- Generated by org.testng.reporters.JUnitReportReporter -->
<testsuite hostname="Akshay" failures="0" tests="1" name="com.testng.FirstProgramToOpenBrowser" time="9.538" errors="0" timestamp="2024-11-07T22:26:23 CST" skipped="0">
  <testcase classname="com.testng.FirstProgramToOpenBrowser" name="f1" time="9.538"/>
</testsuite> <!-- com.testng.FirstProgramToOpenBrowser -->
